<?xml version="1.0" encoding="UTF-8"?>
<testsuite xmlns:xsi="http://www.w3.org/2001/XMLSchema-instance" xsi:noNamespaceSchemaLocation="https://maven.apache.org/surefire/maven-surefire-plugin/xsd/surefire-test-report.xsd" version="3.0.2" name="com.example.oci_microservice.OciMicroserviceApplicationTests" time="10.511" tests="1" errors="0" skipped="0" failures="0">
  <properties>
[...]
</properties>
  <testcase name="contextLoads" classname="com.example.oci_microservice.OciMicroserviceApplicationTests" time="0.731">
    <system-out><![CDATA[19:55:08.251 [main] INFO org.springframework.test.context.support.AnnotationConfigContextLoaderUtils -- Could not detect default configuration classes for test class [com.example.oci_microservice.OciMicroserviceApplicationTests]: OciMicroserviceApplicationTests does not declare any static, non-private, non-final, nested classes annotated with @Configuration.
19:55:08.446 [main] INFO org.springframework.boot.test.context.SpringBootTestContextBootstrapper -- Found @SpringBootConfiguration com.example.oci_microservice.OciMicroserviceApplication for test class com.example.oci_microservice.OciMicroserviceApplicationTests

  .   ____          _            __ _ _
 /\\ / ___'_ __ _ _(_)_ __  __ _ \ \ \ \
( ( )\___ | '_ | '_| | '_ \/ _` | \ \ \ \
 \\/  ___)| |_)| | | | | || (_| |  ) ) ) )
  '  |____| .__|_| |_|_| |_\__, | / / / /
 =========|_|==============|___/=/_/_/_/

 :: Spring Boot ::                (v3.4.3)

2025-03-10T19:55:09.125-06:00  INFO 33944 --- [oci-microservice] [           main] c.e.o.OciMicroserviceApplicationTests    : Starting OciMicroserviceApplicationTests using Java 21.0.4 with PID 33944 (started by luzpa in D:\Documents\Microservicios\OCI Database\oci-microservice)
2025-03-10T19:55:09.127-06:00  INFO 33944 --- [oci-microservice] [           main] c.e.o.OciMicroserviceApplicationTests    : No active profile set, falling back to 1 default profile: "default"
2025-03-10T19:55:10.150-06:00  INFO 33944 --- [oci-microservice] [           main] .s.d.r.c.RepositoryConfigurationDelegate : Bootstrapping Spring Data JPA repositories in DEFAULT mode.
2025-03-10T19:55:10.271-06:00  INFO 33944 --- [oci-microservice] [           main] .s.d.r.c.RepositoryConfigurationDelegate : Finished Spring Data repository scanning in 95 ms. Found 1 JPA repository interface.
2025-03-10T19:55:11.203-06:00  INFO 33944 --- [oci-microservice] [           main] o.hibernate.jpa.internal.util.LogHelper  : HHH000204: Processing PersistenceUnitInfo [name: default]
2025-03-10T19:55:11.281-06:00  INFO 33944 --- [oci-microservice] [           main] org.hibernate.Version                    : HHH000412: Hibernate ORM core version 6.6.8.Final
2025-03-10T19:55:11.328-06:00  INFO 33944 --- [oci-microservice] [           main] o.h.c.internal.RegionFactoryInitiator    : HHH000026: Second-level cache disabled
2025-03-10T19:55:11.774-06:00  INFO 33944 --- [oci-microservice] [           main] o.s.o.j.p.SpringPersistenceUnitInfo      : No LoadTimeWeaver setup: ignoring JPA class transformer
2025-03-10T19:55:11.814-06:00  INFO 33944 --- [oci-microservice] [           main] com.zaxxer.hikari.HikariDataSource       : HikariPool-1 - Starting...
2025-03-10T19:55:13.419-06:00  INFO 33944 --- [oci-microservice] [           main] com.zaxxer.hikari.pool.HikariPool        : HikariPool-1 - Added connection oracle.jdbc.driver.T4CConnection@5086623f
2025-03-10T19:55:13.421-06:00  INFO 33944 --- [oci-microservice] [           main] com.zaxxer.hikari.HikariDataSource       : HikariPool-1 - Start completed.
2025-03-10T19:55:13.852-06:00  WARN 33944 --- [oci-microservice] [           main] org.hibernate.orm.deprecation            : HHH90000025: OracleDialect does not need to be specified explicitly using 'hibernate.dialect' (remove the property setting and it will be selected by default)
2025-03-10T19:55:13.975-06:00  INFO 33944 --- [oci-microservice] [           main] org.hibernate.orm.connections.pooling    : HHH10001005: Database info:
	Database JDBC URL [Connecting through datasource 'HikariDataSource (HikariPool-1)']
	Database driver: undefined/unknown
	Database version: 19.26
	Autocommit mode: undefined/unknown
	Isolation level: undefined/unknown
	Minimum pool size: undefined/unknown
	Maximum pool size: undefined/unknown
2025-03-10T19:55:14.950-06:00  INFO 33944 --- [oci-microservice] [           main] o.h.e.t.j.p.i.JtaPlatformInitiator       : HHH000489: No JTA platform available (set 'hibernate.transaction.jta.platform' to enable JTA platform integration)
2025-03-10T19:55:16.614-06:00  INFO 33944 --- [oci-microservice] [           main] j.LocalContainerEntityManagerFactoryBean : Initialized JPA EntityManagerFactory for persistence unit 'default'
2025-03-10T19:55:17.200-06:00  WARN 33944 --- [oci-microservice] [           main] JpaBaseConfiguration$JpaWebConfiguration : spring.jpa.open-in-view is enabled by default. Therefore, database queries may be performed during view rendering. Explicitly configure spring.jpa.open-in-view to disable this warning
2025-03-10T19:55:17.754-06:00  INFO 33944 --- [oci-microservice] [           main] c.e.o.OciMicroserviceApplicationTests    : Started OciMicroserviceApplicationTests in 9.092 seconds (process running for 10.554)
]]></system-out>
    <system-err><![CDATA[Mockito is currently self-attaching to enable the inline-mock-maker. This will no longer work in future releases of the JDK. Please add Mockito as an agent to your build what is described in Mockito's documentation: https://javadoc.io/doc/org.mockito/mockito-core/latest/org/mockito/Mockito.html#0.3
WARNING: A Java agent has been loaded dynamically (C:\Users\luzpa\.m2\repository\net\bytebuddy\byte-buddy-agent\1.15.11\byte-buddy-agent-1.15.11.jar)
WARNING: If a serviceability tool is in use, please run with -XX:+EnableDynamicAgentLoading to hide this warning
WARNING: If a serviceability tool is not in use, please run with -Djdk.instrument.traceUsage for more information
WARNING: Dynamic loading of agents will be disallowed by default in a future release
]]></system-err>
  </testcase>
</testsuite>